mode: set
github.com/gostratum/resiliencex/builder.go:24.27,28.2 1 1
github.com/gostratum/resiliencex/builder.go:30.49,33.2 2 1
github.com/gostratum/resiliencex/builder.go:35.75,39.2 3 1
github.com/gostratum/resiliencex/builder.go:41.57,45.2 3 1
github.com/gostratum/resiliencex/builder.go:47.69,51.2 3 1
github.com/gostratum/resiliencex/builder.go:53.63,57.2 3 1
github.com/gostratum/resiliencex/builder.go:59.63,63.2 3 1
github.com/gostratum/resiliencex/builder.go:65.36,79.2 1 1
github.com/gostratum/resiliencex/builder.go:96.34,98.2 1 1
github.com/gostratum/resiliencex/builder.go:100.87,101.84 1 1
github.com/gostratum/resiliencex/builder.go:101.84,103.3 1 1
github.com/gostratum/resiliencex/builder.go:104.2,104.12 1 1
github.com/gostratum/resiliencex/builder.go:107.127,115.62 1 1
github.com/gostratum/resiliencex/builder.go:115.62,117.3 1 1
github.com/gostratum/resiliencex/builder.go:120.2,120.16 1 1
github.com/gostratum/resiliencex/builder.go:120.16,122.62 2 0
github.com/gostratum/resiliencex/builder.go:122.62,124.64 2 0
github.com/gostratum/resiliencex/builder.go:124.64,128.5 3 0
github.com/gostratum/resiliencex/builder.go:129.4,129.22 1 0
github.com/gostratum/resiliencex/builder.go:134.2,134.25 1 1
github.com/gostratum/resiliencex/builder.go:134.25,136.62 2 0
github.com/gostratum/resiliencex/builder.go:136.62,138.73 2 0
github.com/gostratum/resiliencex/builder.go:138.73,142.5 3 0
github.com/gostratum/resiliencex/builder.go:143.4,143.22 1 0
github.com/gostratum/resiliencex/builder.go:148.2,148.18 1 1
github.com/gostratum/resiliencex/builder.go:148.18,150.62 2 1
github.com/gostratum/resiliencex/builder.go:150.62,152.66 2 1
github.com/gostratum/resiliencex/builder.go:152.66,156.5 3 1
github.com/gostratum/resiliencex/builder.go:157.4,157.22 1 1
github.com/gostratum/resiliencex/builder.go:162.2,162.19 1 1
github.com/gostratum/resiliencex/builder.go:162.19,164.62 2 0
github.com/gostratum/resiliencex/builder.go:164.62,166.67 2 0
github.com/gostratum/resiliencex/builder.go:166.67,170.5 3 0
github.com/gostratum/resiliencex/builder.go:171.4,171.22 1 0
github.com/gostratum/resiliencex/builder.go:176.2,176.22 1 1
github.com/gostratum/resiliencex/builder.go:176.22,177.49 1 0
github.com/gostratum/resiliencex/builder.go:177.49,179.4 1 0
github.com/gostratum/resiliencex/builder.go:182.2,182.23 1 1
github.com/gostratum/resiliencex/bulkhead.go:15.50,16.31 1 1
github.com/gostratum/resiliencex/bulkhead.go:16.31,18.3 1 0
github.com/gostratum/resiliencex/bulkhead.go:19.2,19.30 1 1
github.com/gostratum/resiliencex/bulkhead.go:19.30,21.3 1 1
github.com/gostratum/resiliencex/bulkhead.go:23.2,27.3 1 1
github.com/gostratum/resiliencex/bulkhead.go:30.34,32.2 1 1
github.com/gostratum/resiliencex/bulkhead.go:34.87,36.9 1 1
github.com/gostratum/resiliencex/bulkhead.go:37.27,39.16 1 1
github.com/gostratum/resiliencex/bulkhead.go:39.16,39.27 1 1
github.com/gostratum/resiliencex/bulkhead.go:40.3,40.17 1 1
github.com/gostratum/resiliencex/bulkhead.go:42.10,44.10 1 1
github.com/gostratum/resiliencex/bulkhead.go:45.30,47.17 1 1
github.com/gostratum/resiliencex/bulkhead.go:47.17,47.30 1 1
github.com/gostratum/resiliencex/bulkhead.go:50.4,50.11 1 1
github.com/gostratum/resiliencex/bulkhead.go:51.29,52.18 1 1
github.com/gostratum/resiliencex/bulkhead.go:52.18,52.29 1 1
github.com/gostratum/resiliencex/bulkhead.go:53.5,53.19 1 1
github.com/gostratum/resiliencex/bulkhead.go:54.22,55.21 1 0
github.com/gostratum/resiliencex/bulkhead.go:58.11,60.38 1 1
github.com/gostratum/resiliencex/bulkhead.go:60.38,62.5 1 0
github.com/gostratum/resiliencex/bulkhead.go:63.4,63.26 1 1
github.com/gostratum/resiliencex/bulkhead.go:68.36,70.2 1 1
github.com/gostratum/resiliencex/circuit_breaker.go:28.68,29.29 1 1
github.com/gostratum/resiliencex/circuit_breaker.go:29.29,31.3 1 1
github.com/gostratum/resiliencex/circuit_breaker.go:32.2,32.26 1 1
github.com/gostratum/resiliencex/circuit_breaker.go:32.26,34.3 1 1
github.com/gostratum/resiliencex/circuit_breaker.go:35.2,35.25 1 1
github.com/gostratum/resiliencex/circuit_breaker.go:35.25,37.3 1 1
github.com/gostratum/resiliencex/circuit_breaker.go:38.2,38.34 1 1
github.com/gostratum/resiliencex/circuit_breaker.go:38.34,40.3 1 1
github.com/gostratum/resiliencex/circuit_breaker.go:41.2,41.29 1 1
github.com/gostratum/resiliencex/circuit_breaker.go:41.29,43.3 1 1
github.com/gostratum/resiliencex/circuit_breaker.go:45.2,50.3 1 1
github.com/gostratum/resiliencex/circuit_breaker.go:53.41,55.2 1 1
github.com/gostratum/resiliencex/circuit_breaker.go:57.48,61.2 3 1
github.com/gostratum/resiliencex/circuit_breaker.go:63.94,66.16 2 1
github.com/gostratum/resiliencex/circuit_breaker.go:66.16,68.3 1 1
github.com/gostratum/resiliencex/circuit_breaker.go:71.2,76.12 3 1
github.com/gostratum/resiliencex/circuit_breaker.go:79.35,84.2 4 1
github.com/gostratum/resiliencex/circuit_breaker.go:86.59,93.15 5 1
github.com/gostratum/resiliencex/circuit_breaker.go:94.19,96.49 1 1
github.com/gostratum/resiliencex/circuit_breaker.go:96.49,98.4 1 0
github.com/gostratum/resiliencex/circuit_breaker.go:100.17,102.48 1 1
github.com/gostratum/resiliencex/circuit_breaker.go:102.48,105.4 2 1
github.com/gostratum/resiliencex/circuit_breaker.go:106.3,106.27 1 1
github.com/gostratum/resiliencex/circuit_breaker.go:108.21,110.50 1 0
github.com/gostratum/resiliencex/circuit_breaker.go:110.50,112.4 1 0
github.com/gostratum/resiliencex/circuit_breaker.go:115.2,116.36 2 1
github.com/gostratum/resiliencex/circuit_breaker.go:119.73,126.42 4 1
github.com/gostratum/resiliencex/circuit_breaker.go:126.42,128.3 1 1
github.com/gostratum/resiliencex/circuit_breaker.go:130.2,130.13 1 1
github.com/gostratum/resiliencex/circuit_breaker.go:130.13,132.3 1 1
github.com/gostratum/resiliencex/circuit_breaker.go:132.8,134.3 1 1
github.com/gostratum/resiliencex/circuit_breaker.go:137.52,142.31 4 1
github.com/gostratum/resiliencex/circuit_breaker.go:142.31,144.55 1 0
github.com/gostratum/resiliencex/circuit_breaker.go:144.55,146.4 1 0
github.com/gostratum/resiliencex/circuit_breaker.go:150.52,155.31 4 1
github.com/gostratum/resiliencex/circuit_breaker.go:155.31,159.3 2 0
github.com/gostratum/resiliencex/circuit_breaker.go:162.2,162.22 1 1
github.com/gostratum/resiliencex/circuit_breaker.go:162.22,164.3 1 1
github.com/gostratum/resiliencex/circuit_breaker.go:167.46,169.48 1 1
github.com/gostratum/resiliencex/circuit_breaker.go:169.48,171.3 1 1
github.com/gostratum/resiliencex/circuit_breaker.go:173.2,174.51 2 1
github.com/gostratum/resiliencex/circuit_breaker.go:177.71,178.23 1 1
github.com/gostratum/resiliencex/circuit_breaker.go:178.23,180.3 1 0
github.com/gostratum/resiliencex/circuit_breaker.go:182.2,186.29 4 1
github.com/gostratum/resiliencex/circuit_breaker.go:186.29,188.3 1 1
github.com/gostratum/resiliencex/circuit_breaker.go:191.2,191.36 1 1
github.com/gostratum/resiliencex/circuit_breaker.go:191.36,193.3 1 1
github.com/gostratum/resiliencex/circuit_breaker.go:196.58,199.2 2 1
github.com/gostratum/resiliencex/circuit_breaker.go:201.54,203.2 1 1
github.com/gostratum/resiliencex/config.go:28.31,30.2 1 1
github.com/gostratum/resiliencex/config.go:61.57,71.2 1 1
github.com/gostratum/resiliencex/config.go:104.39,114.2 1 1
github.com/gostratum/resiliencex/config.go:135.51,142.2 1 1
github.com/gostratum/resiliencex/config.go:163.45,170.2 1 1
github.com/gostratum/resiliencex/config.go:182.43,187.2 1 1
github.com/gostratum/resiliencex/config.go:190.55,201.42 7 0
github.com/gostratum/resiliencex/config.go:201.42,203.3 1 0
github.com/gostratum/resiliencex/config.go:205.2,205.17 1 0
github.com/gostratum/resiliencex/module.go:35.49,37.16 2 0
github.com/gostratum/resiliencex/module.go:37.16,39.3 1 0
github.com/gostratum/resiliencex/module.go:41.2,52.32 3 0
github.com/gostratum/resiliencex/module.go:52.32,58.3 2 0
github.com/gostratum/resiliencex/module.go:61.2,61.23 1 0
github.com/gostratum/resiliencex/module.go:61.23,67.3 2 0
github.com/gostratum/resiliencex/module.go:70.2,70.29 1 0
github.com/gostratum/resiliencex/module.go:70.29,76.3 2 0
github.com/gostratum/resiliencex/module.go:79.2,79.26 1 0
github.com/gostratum/resiliencex/module.go:79.26,85.3 2 0
github.com/gostratum/resiliencex/module.go:88.2,88.25 1 0
github.com/gostratum/resiliencex/module.go:88.25,93.3 2 0
github.com/gostratum/resiliencex/module.go:95.2,97.8 1 0
github.com/gostratum/resiliencex/module.go:101.58,103.44 1 0
github.com/gostratum/resiliencex/module.go:103.44,106.4 2 0
github.com/gostratum/resiliencex/module.go:107.43,110.4 2 0
github.com/gostratum/resiliencex/rate_limiter.go:18.59,19.22 1 1
github.com/gostratum/resiliencex/rate_limiter.go:19.22,21.3 1 0
github.com/gostratum/resiliencex/rate_limiter.go:22.2,22.23 1 1
github.com/gostratum/resiliencex/rate_limiter.go:22.23,24.3 1 0
github.com/gostratum/resiliencex/rate_limiter.go:26.2,30.3 1 1
github.com/gostratum/resiliencex/rate_limiter.go:33.38,35.2 1 1
github.com/gostratum/resiliencex/rate_limiter.go:37.37,44.22 5 1
github.com/gostratum/resiliencex/rate_limiter.go:44.22,47.3 2 1
github.com/gostratum/resiliencex/rate_limiter.go:50.2,50.34 1 1
github.com/gostratum/resiliencex/rate_limiter.go:50.34,52.3 1 0
github.com/gostratum/resiliencex/rate_limiter.go:54.2,54.14 1 1
github.com/gostratum/resiliencex/rate_limiter.go:57.56,58.6 1 1
github.com/gostratum/resiliencex/rate_limiter.go:58.6,59.17 1 1
github.com/gostratum/resiliencex/rate_limiter.go:59.17,61.4 1 1
github.com/gostratum/resiliencex/rate_limiter.go:64.3,67.10 2 1
github.com/gostratum/resiliencex/rate_limiter.go:68.31,68.31 0 1
github.com/gostratum/resiliencex/rate_limiter.go:70.21,71.20 1 0
github.com/gostratum/resiliencex/rate_limiter.go:76.52,85.42 5 1
github.com/gostratum/resiliencex/rate_limiter.go:85.42,87.3 1 1
github.com/gostratum/resiliencex/rate_limiter.go:90.58,96.23 4 1
github.com/gostratum/resiliencex/rate_limiter.go:96.23,98.3 1 0
github.com/gostratum/resiliencex/rate_limiter.go:101.2,102.54 2 1
github.com/gostratum/resiliencex/resilience.go:68.39,69.11 1 1
github.com/gostratum/resiliencex/resilience.go:70.19,71.18 1 1
github.com/gostratum/resiliencex/resilience.go:72.17,73.16 1 1
github.com/gostratum/resiliencex/resilience.go:74.21,75.21 1 1
github.com/gostratum/resiliencex/resilience.go:76.10,77.19 1 1
github.com/gostratum/resiliencex/retry.go:16.41,17.29 1 1
github.com/gostratum/resiliencex/retry.go:17.29,19.3 1 1
github.com/gostratum/resiliencex/retry.go:20.2,20.33 1 1
github.com/gostratum/resiliencex/retry.go:20.33,22.3 1 1
github.com/gostratum/resiliencex/retry.go:23.2,23.29 1 1
github.com/gostratum/resiliencex/retry.go:23.29,25.3 1 1
github.com/gostratum/resiliencex/retry.go:26.2,26.28 1 1
github.com/gostratum/resiliencex/retry.go:26.28,28.3 1 1
github.com/gostratum/resiliencex/retry.go:29.2,29.37 1 1
github.com/gostratum/resiliencex/retry.go:29.37,31.3 1 1
github.com/gostratum/resiliencex/retry.go:33.2,41.3 1 1
github.com/gostratum/resiliencex/retry.go:44.31,46.2 1 1
github.com/gostratum/resiliencex/retry.go:48.84,51.62 2 1
github.com/gostratum/resiliencex/retry.go:51.62,56.17 2 1
github.com/gostratum/resiliencex/retry.go:56.17,58.4 1 1
github.com/gostratum/resiliencex/retry.go:60.3,63.64 2 1
github.com/gostratum/resiliencex/retry.go:63.64,65.4 1 1
github.com/gostratum/resiliencex/retry.go:68.3,68.40 1 1
github.com/gostratum/resiliencex/retry.go:68.40,69.9 1 1
github.com/gostratum/resiliencex/retry.go:73.3,73.30 1 1
github.com/gostratum/resiliencex/retry.go:73.30,75.4 1 1
github.com/gostratum/resiliencex/retry.go:78.3,81.10 2 1
github.com/gostratum/resiliencex/retry.go:82.28,82.28 0 1
github.com/gostratum/resiliencex/retry.go:84.21,85.20 1 1
github.com/gostratum/resiliencex/retry.go:89.2,89.16 1 1
github.com/gostratum/resiliencex/retry.go:100.62,103.31 2 1
github.com/gostratum/resiliencex/retry.go:103.31,105.3 1 1
github.com/gostratum/resiliencex/retry.go:108.2,108.39 1 1
github.com/gostratum/resiliencex/retry.go:108.39,110.3 1 1
github.com/gostratum/resiliencex/retry.go:113.2,120.30 5 1
github.com/gostratum/resiliencex/retry.go:128.59,130.2 1 0
github.com/gostratum/resiliencex/retry.go:139.57,141.30 2 0
github.com/gostratum/resiliencex/retry.go:141.30,143.3 1 0
github.com/gostratum/resiliencex/retry.go:144.2,144.17 1 0
github.com/gostratum/resiliencex/timeout.go:15.62,16.19 1 1
github.com/gostratum/resiliencex/timeout.go:16.19,18.3 1 0
github.com/gostratum/resiliencex/timeout.go:19.2,19.16 1 1
github.com/gostratum/resiliencex/timeout.go:19.16,21.3 1 0
github.com/gostratum/resiliencex/timeout.go:23.2,26.3 1 1
github.com/gostratum/resiliencex/timeout.go:29.33,31.2 1 1
github.com/gostratum/resiliencex/timeout.go:33.86,40.12 4 1
github.com/gostratum/resiliencex/timeout.go:40.12,42.3 1 1
github.com/gostratum/resiliencex/timeout.go:44.2,44.9 1 1
github.com/gostratum/resiliencex/timeout.go:45.24,46.13 1 1
github.com/gostratum/resiliencex/timeout.go:47.27,48.51 1 1
github.com/gostratum/resiliencex/timeout.go:48.51,50.4 1 1
github.com/gostratum/resiliencex/timeout.go:51.3,51.26 1 0
